<?xml version="1.0" encoding="UTF-8"?>
<testsuite xmlns:xsi="http://www.w3.org/2001/XMLSchema-instance" xsi:noNamespaceSchemaLocation="https://maven.apache.org/surefire/maven-surefire-plugin/xsd/surefire-test-report-3.0.xsd" version="3.0" name="validation.AddAssignmentTest" time="0.024" tests="10" errors="0" skipped="0" failures="0">
  <properties>
    <property name="java.specification.version" value="18"/>
    <property name="sun.jnu.encoding" value="UTF-8"/>
    <property name="java.class.path" value="/Users/ana-mariademian/Documents/Faculty/SSVV/MonitorizareTemeLaborator/target/test-classes:/Users/ana-mariademian/Documents/Faculty/SSVV/MonitorizareTemeLaborator/target/classes:/Users/ana-mariademian/.m2/repository/junit/junit/4.12/junit-4.12.jar:/Users/ana-mariademian/.m2/repository/org/hamcrest/hamcrest-core/1.3/hamcrest-core-1.3.jar:/Users/ana-mariademian/.m2/repository/org/junit/jupiter/junit-jupiter/5.8.2/junit-jupiter-5.8.2.jar:/Users/ana-mariademian/.m2/repository/org/junit/jupiter/junit-jupiter-api/5.8.2/junit-jupiter-api-5.8.2.jar:/Users/ana-mariademian/.m2/repository/org/opentest4j/opentest4j/1.2.0/opentest4j-1.2.0.jar:/Users/ana-mariademian/.m2/repository/org/junit/platform/junit-platform-commons/1.8.2/junit-platform-commons-1.8.2.jar:/Users/ana-mariademian/.m2/repository/org/apiguardian/apiguardian-api/1.1.2/apiguardian-api-1.1.2.jar:/Users/ana-mariademian/.m2/repository/org/junit/jupiter/junit-jupiter-params/5.8.2/junit-jupiter-params-5.8.2.jar:/Users/ana-mariademian/.m2/repository/org/junit/jupiter/junit-jupiter-engine/5.8.2/junit-jupiter-engine-5.8.2.jar:/Users/ana-mariademian/.m2/repository/org/junit/platform/junit-platform-engine/1.8.2/junit-platform-engine-1.8.2.jar:"/>
    <property name="java.vm.vendor" value="Homebrew"/>
    <property name="sun.arch.data.model" value="64"/>
    <property name="java.vendor.url" value="https://github.com/Homebrew/homebrew-core/issues"/>
    <property name="os.name" value="Mac OS X"/>
    <property name="java.vm.specification.version" value="18"/>
    <property name="sun.java.launcher" value="SUN_STANDARD"/>
    <property name="user.country" value="RO"/>
    <property name="sun.boot.library.path" value="/opt/homebrew/Cellar/openjdk/18/libexec/openjdk.jdk/Contents/Home/lib"/>
    <property name="sun.java.command" value="/Users/ana-mariademian/Documents/Faculty/SSVV/MonitorizareTemeLaborator/target/surefire/surefirebooter16481812120105286668.jar /Users/ana-mariademian/Documents/Faculty/SSVV/MonitorizareTemeLaborator/target/surefire 2022-04-04T23-35-16_412-jvmRun1 surefire11028640509105977627tmp surefire_08567513030971708249tmp"/>
    <property name="http.nonProxyHosts" value="local|*.local|169.254/16|*.169.254/16"/>
    <property name="jdk.debug" value="release"/>
    <property name="test" value="AddAssignmentTest.java"/>
    <property name="surefire.test.class.path" value="/Users/ana-mariademian/Documents/Faculty/SSVV/MonitorizareTemeLaborator/target/test-classes:/Users/ana-mariademian/Documents/Faculty/SSVV/MonitorizareTemeLaborator/target/classes:/Users/ana-mariademian/.m2/repository/junit/junit/4.12/junit-4.12.jar:/Users/ana-mariademian/.m2/repository/org/hamcrest/hamcrest-core/1.3/hamcrest-core-1.3.jar:/Users/ana-mariademian/.m2/repository/org/junit/jupiter/junit-jupiter/5.8.2/junit-jupiter-5.8.2.jar:/Users/ana-mariademian/.m2/repository/org/junit/jupiter/junit-jupiter-api/5.8.2/junit-jupiter-api-5.8.2.jar:/Users/ana-mariademian/.m2/repository/org/opentest4j/opentest4j/1.2.0/opentest4j-1.2.0.jar:/Users/ana-mariademian/.m2/repository/org/junit/platform/junit-platform-commons/1.8.2/junit-platform-commons-1.8.2.jar:/Users/ana-mariademian/.m2/repository/org/apiguardian/apiguardian-api/1.1.2/apiguardian-api-1.1.2.jar:/Users/ana-mariademian/.m2/repository/org/junit/jupiter/junit-jupiter-params/5.8.2/junit-jupiter-params-5.8.2.jar:/Users/ana-mariademian/.m2/repository/org/junit/jupiter/junit-jupiter-engine/5.8.2/junit-jupiter-engine-5.8.2.jar:/Users/ana-mariademian/.m2/repository/org/junit/platform/junit-platform-engine/1.8.2/junit-platform-engine-1.8.2.jar:"/>
    <property name="sun.cpu.endian" value="little"/>
    <property name="user.home" value="/Users/ana-mariademian"/>
    <property name="user.language" value="en"/>
    <property name="java.specification.vendor" value="Oracle Corporation"/>
    <property name="java.version.date" value="2022-03-22"/>
    <property name="java.home" value="/opt/homebrew/Cellar/openjdk/18/libexec/openjdk.jdk/Contents/Home"/>
    <property name="file.separator" value="/"/>
    <property name="basedir" value="/Users/ana-mariademian/Documents/Faculty/SSVV/MonitorizareTemeLaborator"/>
    <property name="java.vm.compressedOopsMode" value="Zero based"/>
    <property name="line.separator" value="&#10;"/>
    <property name="java.vm.specification.vendor" value="Oracle Corporation"/>
    <property name="java.specification.name" value="Java Platform API Specification"/>
    <property name="apple.awt.application.name" value="ForkedBooter"/>
    <property name="surefire.real.class.path" value="/Users/ana-mariademian/Documents/Faculty/SSVV/MonitorizareTemeLaborator/target/surefire/surefirebooter16481812120105286668.jar"/>
    <property name="sun.management.compiler" value="HotSpot 64-Bit Tiered Compilers"/>
    <property name="ftp.nonProxyHosts" value="local|*.local|169.254/16|*.169.254/16"/>
    <property name="java.runtime.version" value="18+0"/>
    <property name="user.name" value="ana-mariademian"/>
    <property name="path.separator" value=":"/>
    <property name="os.version" value="12.0.1"/>
    <property name="java.runtime.name" value="OpenJDK Runtime Environment"/>
    <property name="file.encoding" value="UTF-8"/>
    <property name="java.vm.name" value="OpenJDK 64-Bit Server VM"/>
    <property name="java.vendor.version" value="Homebrew"/>
    <property name="localRepository" value="/Users/ana-mariademian/.m2/repository"/>
    <property name="java.vendor.url.bug" value="https://github.com/Homebrew/homebrew-core/issues"/>
    <property name="java.io.tmpdir" value="/var/folders/tl/6tnckqp16nl4h0bp4zy2vmsh0000gn/T/"/>
    <property name="java.version" value="18"/>
    <property name="user.dir" value="/Users/ana-mariademian/Documents/Faculty/SSVV/MonitorizareTemeLaborator"/>
    <property name="os.arch" value="aarch64"/>
    <property name="java.vm.specification.name" value="Java Virtual Machine Specification"/>
    <property name="native.encoding" value="UTF-8"/>
    <property name="java.library.path" value="/Users/ana-mariademian/Library/Java/Extensions:/Library/Java/Extensions:/Network/Library/Java/Extensions:/System/Library/Java/Extensions:/usr/lib/java:."/>
    <property name="java.vm.info" value="mixed mode, sharing"/>
    <property name="java.vendor" value="Homebrew"/>
    <property name="java.vm.version" value="18+0"/>
    <property name="sun.io.unicode.encoding" value="UnicodeBig"/>
    <property name="socksNonProxyHosts" value="local|*.local|169.254/16|*.169.254/16"/>
    <property name="java.class.version" value="62.0"/>
  </properties>
  <testcase name="testcase2_TestInvalidAssignment_NullId_ShouldThrowError" classname="validation.AddAssignmentTest" time="0.009"/>
  <testcase name="tc3_TestInvalidAssignment_NullDescription_ShouldThrowError" classname="validation.AddAssignmentTest" time="0.001"/>
  <testcase name="tc8_TestInvalidAssignment_EmptyDescription_ShouldThrowError" classname="validation.AddAssignmentTest" time="0.001"/>
  <testcase name="tc4_TestInvalidAssignment_StartlineGreaterThanDeadline_ShouldThrowError" classname="validation.AddAssignmentTest" time="0.001"/>
  <testcase name="testcase1_TestValidAssignment_ShouldWork" classname="validation.AddAssignmentTest" time="0.001"/>
  <testcase name="tc5_TestInvalidAssignment_InvalidStartline_ShouldThrowError" classname="validation.AddAssignmentTest" time="0"/>
  <testcase name="tc6_testInvalidAssignment_DuplicateId_ShouldThrowError" classname="validation.AddAssignmentTest" time="0.001"/>
  <testcase name="tc7_TestInvalidAssignment_EmptyId_ShouldThrowError" classname="validation.AddAssignmentTest" time="0.001"/>
  <testcase name="tc10_TestInvalidAssignment_InvalidDeadline_ShouldThrowError" classname="validation.AddAssignmentTest" time="0"/>
  <testcase name="tc9_TestInvalidAssignment_InvalidDeadline_ShouldThrowError" classname="validation.AddAssignmentTest" time="0"/>
</testsuite>